# JRE version: OpenJDK Runtime Environment (21.0.3) (build 21.0.3+-12282718-b509.11)
# Java VM: OpenJDK 64-Bit Server VM (21.0.3+-12282718-b509.11, mixed mode, tiered, compressed oops, compressed class ptrs, g1 gc, windows-amd64)
GC Precious Log:
 CardTable entry size: 512
 Card Set container configuration: InlinePtr #cards 5 size 8 Array Of Cards #cards 12 size 40 Howl #buckets 4 coarsen threshold 1843 Howl Bitmap #cards 512 size 80 coarsen threshold 460 Card regions per heap region 1 cards per card region 2048
 CPUs: 12 total, 12 available
 Memory: 7521M
 Large Page Support: Disabled
 NUMA Support: Disabled
 Compressed Oops: Enabled (32-bit)
 Heap Region Size: 1M
 Heap Min Capacity: 8M
 Heap Initial Capacity: 118M
 Heap Max Capacity: 2G
 Pre-touch: Disabled
 Parallel Workers: 10
 Concurrent Workers: 3
 Concurrent Refinement Workers: 10
 Periodic GC: Disabled
Heap:
 garbage-first heap   total 457728K, used 343932K [0x0000000080000000, 0x0000000100000000)
  region size 1024K, 55 young (56320K), 15 survivors (15360K)
 Metaspace       used 227785K, committed 234560K, reserved 1310720K
  class space    used 28164K, committed 30528K, reserved 1048576K
GC Heap History (20 events):
Event: 156.175 GC heap before
{Heap before GC invocations=62 (full 0):
 garbage-first heap   total 373760K, used 343411K [0x0000000080000000, 0x0000000100000000)
  region size 1024K, 103 young (105472K), 8 survivors (8192K)
 Metaspace       used 196979K, committed 199680K, reserved 1245184K
  class space    used 25274K, committed 26624K, reserved 1048576K
}
Event: 156.302 GC heap after
{Heap after GC invocations=63 (full 0):
 garbage-first heap   total 373760K, used 252259K [0x0000000080000000, 0x0000000100000000)
  region size 1024K, 13 young (13312K), 13 survivors (13312K)
 Metaspace       used 196979K, committed 199680K, reserved 1245184K
  class space    used 25274K, committed 26624K, reserved 1048576K
}
Event: 198.224 GC heap before
{Heap before GC invocations=64 (full 0):
 garbage-first heap   total 421888K, used 335203K [0x0000000080000000, 0x0000000100000000)
  region size 1024K, 96 young (98304K), 13 survivors (13312K)
 Metaspace       used 196979K, committed 199680K, reserved 1245184K
  class space    used 25274K, committed 26624K, reserved 1048576K
}
Event: 198.249 GC heap after
{Heap after GC invocations=65 (full 0):
 garbage-first heap   total 421888K, used 254702K [0x0000000080000000, 0x0000000100000000)
  region size 1024K, 8 young (8192K), 8 survivors (8192K)
 Metaspace       used 196979K, committed 199680K, reserved 1245184K
  class space    used 25274K, committed 26624K, reserved 1048576K
}
Event: 258.396 GC heap before
{Heap before GC invocations=65 (full 0):
 garbage-first heap   total 421888K, used 377582K [0x0000000080000000, 0x0000000100000000)
  region size 1024K, 128 young (131072K), 8 survivors (8192K)
 Metaspace       used 196998K, committed 199680K, reserved 1245184K
  class space    used 25274K, committed 26624K, reserved 1048576K
}
Event: 258.492 GC heap after
{Heap after GC invocations=66 (full 0):
 garbage-first heap   total 421888K, used 248892K [0x0000000080000000, 0x0000000100000000)
  region size 1024K, 14 young (14336K), 14 survivors (14336K)
 Metaspace       used 196998K, committed 199680K, reserved 1245184K
  class space    used 25274K, committed 26624K, reserved 1048576K
}
Event: 290.258 GC heap before
{Heap before GC invocations=66 (full 0):
 garbage-first heap   total 421888K, used 311356K [0x0000000080000000, 0x0000000100000000)
  region size 1024K, 77 young (78848K), 14 survivors (14336K)
 Metaspace       used 197712K, committed 200384K, reserved 1245184K
  class space    used 25340K, committed 26688K, reserved 1048576K
}
Event: 290.332 GC heap after
{Heap after GC invocations=67 (full 0):
 garbage-first heap   total 421888K, used 252455K [0x0000000080000000, 0x0000000100000000)
  region size 1024K, 13 young (13312K), 13 survivors (13312K)
 Metaspace       used 197712K, committed 200384K, reserved 1245184K
  class space    used 25340K, committed 26688K, reserved 1048576K
}
Event: 296.895 GC heap before
{Heap before GC invocations=68 (full 0):
 garbage-first heap   total 439296K, used 382503K [0x0000000080000000, 0x0000000100000000)
  region size 1024K, 138 young (141312K), 13 survivors (13312K)
 Metaspace       used 211071K, committed 213824K, reserved 1245184K
  class space    used 26961K, committed 28352K, reserved 1048576K
}
Event: 296.922 GC heap after
{Heap after GC invocations=69 (full 0):
 garbage-first heap   total 439296K, used 257863K [0x0000000080000000, 0x0000000100000000)
  region size 1024K, 12 young (12288K), 12 survivors (12288K)
 Metaspace       used 211071K, committed 213824K, reserved 1245184K
  class space    used 26961K, committed 28352K, reserved 1048576K
}
Event: 305.498 GC heap before
{Heap before GC invocations=69 (full 0):
 garbage-first heap   total 439296K, used 403271K [0x0000000080000000, 0x0000000100000000)
  region size 1024K, 155 young (158720K), 12 survivors (12288K)
 Metaspace       used 212415K, committed 215232K, reserved 1245184K
  class space    used 27039K, committed 28480K, reserved 1048576K
}
Event: 305.603 GC heap after
{Heap after GC invocations=70 (full 0):
 garbage-first heap   total 439296K, used 259563K [0x0000000080000000, 0x0000000100000000)
  region size 1024K, 15 young (15360K), 15 survivors (15360K)
 Metaspace       used 212415K, committed 215232K, reserved 1245184K
  class space    used 27039K, committed 28480K, reserved 1048576K
}
Event: 318.757 GC heap before
{Heap before GC invocations=70 (full 0):
 garbage-first heap   total 439296K, used 399851K [0x0000000080000000, 0x0000000100000000)
  region size 1024K, 153 young (156672K), 15 survivors (15360K)
 Metaspace       used 217855K, committed 220672K, reserved 1245184K
  class space    used 27641K, committed 29056K, reserved 1048576K
}
Event: 318.855 GC heap after
{Heap after GC invocations=71 (full 0):
 garbage-first heap   total 439296K, used 268539K [0x0000000080000000, 0x0000000100000000)
  region size 1024K, 17 young (17408K), 17 survivors (17408K)
 Metaspace       used 217855K, committed 220672K, reserved 1245184K
  class space    used 27641K, committed 29056K, reserved 1048576K
}
Event: 2132.458 GC heap before
{Heap before GC invocations=72 (full 0):
 garbage-first heap   total 457728K, used 396539K [0x0000000080000000, 0x0000000100000000)
  region size 1024K, 143 young (146432K), 17 survivors (17408K)
 Metaspace       used 224489K, committed 227392K, reserved 1310720K
  class space    used 28297K, committed 29760K, reserved 1048576K
}
Event: 2132.875 GC heap after
{Heap after GC invocations=73 (full 0):
 garbage-first heap   total 457728K, used 271706K [0x0000000080000000, 0x0000000100000000)
  region size 1024K, 5 young (5120K), 5 survivors (5120K)
 Metaspace       used 224489K, committed 227392K, reserved 1310720K
  class space    used 28297K, committed 29760K, reserved 1048576K
}
Event: 2148.287 GC heap before
{Heap before GC invocations=73 (full 0):
 garbage-first heap   total 457728K, used 424282K [0x0000000080000000, 0x0000000100000000)
  region size 1024K, 155 young (158720K), 5 survivors (5120K)
 Metaspace       used 228795K, committed 231680K, reserved 1310720K
  class space    used 28859K, committed 30336K, reserved 1048576K
}
Event: 2148.380 GC heap after
{Heap after GC invocations=74 (full 0):
 garbage-first heap   total 457728K, used 282352K [0x0000000080000000, 0x0000000100000000)
  region size 1024K, 19 young (19456K), 19 survivors (19456K)
 Metaspace       used 228795K, committed 231680K, reserved 1310720K
  class space    used 28859K, committed 30336K, reserved 1048576K
}
Event: 2154.156 GC heap before
{Heap before GC invocations=74 (full 0):
 garbage-first heap   total 457728K, used 358128K [0x0000000080000000, 0x0000000100000000)
  region size 1024K, 95 young (97280K), 19 survivors (19456K)
 Metaspace       used 229986K, committed 232960K, reserved 1310720K
  class space    used 28952K, committed 30464K, reserved 1048576K
}
Event: 2154.196 GC heap after
{Heap after GC invocations=75 (full 0):
 garbage-first heap   total 457728K, used 298876K [0x0000000080000000, 0x0000000100000000)
  region size 1024K, 15 young (15360K), 15 survivors (15360K)
 Metaspace       used 229986K, committed 232960K, reserved 1310720K
  class space    used 28952K, committed 30464K, reserved 1048576K
}

